{
  "D:\\projects\\Site_Receptnic\\cypress\\support\\commands.js": {
    "path": "D:\\projects\\Site_Receptnic\\cypress\\support\\commands.js",
    "statementMap": {
      "0": {
        "start": {
          "line": 1,
          "column": 0
        },
        "end": {
          "line": 15,
          "column": 3
        }
      },
      "1": {
        "start": {
          "line": 2,
          "column": 4
        },
        "end": {
          "line": 2,
          "column": 40
        }
      },
      "2": {
        "start": {
          "line": 4,
          "column": 4
        },
        "end": {
          "line": 14,
          "column": 7
        }
      },
      "3": {
        "start": {
          "line": 12,
          "column": 8
        },
        "end": {
          "line": 12,
          "column": 62
        }
      },
      "4": {
        "start": {
          "line": 13,
          "column": 8
        },
        "end": {
          "line": 13,
          "column": 71
        }
      }
    },
    "fnMap": {
      "0": {
        "name": "(anonymous_0)",
        "decl": {
          "start": {
            "line": 1,
            "column": 30
          },
          "end": {
            "line": 1,
            "column": 31
          }
        },
        "loc": {
          "start": {
            "line": 1,
            "column": 54
          },
          "end": {
            "line": 15,
            "column": 1
          }
        },
        "line": 1
      },
      "1": {
        "name": "(anonymous_1)",
        "decl": {
          "start": {
            "line": 11,
            "column": 12
          },
          "end": {
            "line": 11,
            "column": 13
          }
        },
        "loc": {
          "start": {
            "line": 11,
            "column": 22
          },
          "end": {
            "line": 14,
            "column": 5
          }
        },
        "line": 11
      }
    },
    "branchMap": {},
    "s": {
      "0": 2,
      "1": 0,
      "2": 0,
      "3": 0,
      "4": 0
    },
    "f": {
      "0": 0,
      "1": 0
    },
    "b": {},
    "_coverageSchema": "1a1c01bbd47fc00a2c39e90264f33305004495a9",
    "hash": "dee5fe901c878d7f7cee1bf528043191fd123558"
  },
  "D:\\projects\\Site_Receptnic\\cypress\\support\\component.js": {
    "path": "D:\\projects\\Site_Receptnic\\cypress\\support\\component.js",
    "statementMap": {
      "0": {
        "start": {
          "line": 12,
          "column": 0
        },
        "end": {
          "line": 12,
          "column": 36
        }
      }
    },
    "fnMap": {},
    "branchMap": {},
    "s": {
      "0": 2
    },
    "f": {},
    "b": {},
    "_coverageSchema": "1a1c01bbd47fc00a2c39e90264f33305004495a9",
    "hash": "81d390f1d18b30eaa47a5ad7bf0226871cb4ac41"
  },
  "D:\\projects\\Site_Receptnic\\src\\AuthContext.js": {
    "path": "D:\\projects\\Site_Receptnic\\src\\AuthContext.js",
    "statementMap": {
      "0": {
        "start": {
          "line": 3,
          "column": 27
        },
        "end": {
          "line": 3,
          "column": 42
        }
      },
      "1": {
        "start": {
          "line": 5,
          "column": 28
        },
        "end": {
          "line": 46,
          "column": 1
        }
      },
      "2": {
        "start": {
          "line": 6,
          "column": 38
        },
        "end": {
          "line": 6,
          "column": 52
        }
      },
      "3": {
        "start": {
          "line": 7,
          "column": 38
        },
        "end": {
          "line": 7,
          "column": 52
        }
      },
      "4": {
        "start": {
          "line": 9,
          "column": 4
        },
        "end": {
          "line": 16,
          "column": 11
        }
      },
      "5": {
        "start": {
          "line": 10,
          "column": 22
        },
        "end": {
          "line": 10,
          "column": 51
        }
      },
      "6": {
        "start": {
          "line": 11,
          "column": 22
        },
        "end": {
          "line": 11,
          "column": 55
        }
      },
      "7": {
        "start": {
          "line": 12,
          "column": 8
        },
        "end": {
          "line": 15,
          "column": 9
        }
      },
      "8": {
        "start": {
          "line": 13,
          "column": 12
        },
        "end": {
          "line": 13,
          "column": 32
        }
      },
      "9": {
        "start": {
          "line": 14,
          "column": 12
        },
        "end": {
          "line": 14,
          "column": 32
        }
      },
      "10": {
        "start": {
          "line": 18,
          "column": 18
        },
        "end": {
          "line": 23,
          "column": 5
        }
      },
      "11": {
        "start": {
          "line": 19,
          "column": 8
        },
        "end": {
          "line": 19,
          "column": 45
        }
      },
      "12": {
        "start": {
          "line": 20,
          "column": 8
        },
        "end": {
          "line": 20,
          "column": 49
        }
      },
      "13": {
        "start": {
          "line": 21,
          "column": 8
        },
        "end": {
          "line": 21,
          "column": 28
        }
      },
      "14": {
        "start": {
          "line": 22,
          "column": 8
        },
        "end": {
          "line": 22,
          "column": 28
        }
      },
      "15": {
        "start": {
          "line": 25,
          "column": 19
        },
        "end": {
          "line": 30,
          "column": 5
        }
      },
      "16": {
        "start": {
          "line": 26,
          "column": 8
        },
        "end": {
          "line": 26,
          "column": 41
        }
      },
      "17": {
        "start": {
          "line": 27,
          "column": 8
        },
        "end": {
          "line": 27,
          "column": 45
        }
      },
      "18": {
        "start": {
          "line": 28,
          "column": 8
        },
        "end": {
          "line": 28,
          "column": 27
        }
      },
      "19": {
        "start": {
          "line": 29,
          "column": 8
        },
        "end": {
          "line": 29,
          "column": 27
        }
      },
      "20": {
        "start": {
          "line": 33,
          "column": 18
        },
        "end": {
          "line": 39,
          "column": 5
        }
      },
      "21": {
        "start": {
          "line": 41,
          "column": 4
        },
        "end": {
          "line": 45,
          "column": 6
        }
      },
      "22": {
        "start": {
          "line": 48,
          "column": 23
        },
        "end": {
          "line": 50,
          "column": 1
        }
      },
      "23": {
        "start": {
          "line": 49,
          "column": 4
        },
        "end": {
          "line": 49,
          "column": 35
        }
      }
    },
    "fnMap": {
      "0": {
        "name": "(anonymous_0)",
        "decl": {
          "start": {
            "line": 5,
            "column": 28
          },
          "end": {
            "line": 5,
            "column": 29
          }
        },
        "loc": {
          "start": {
            "line": 5,
            "column": 46
          },
          "end": {
            "line": 46,
            "column": 1
          }
        },
        "line": 5
      },
      "1": {
        "name": "(anonymous_1)",
        "decl": {
          "start": {
            "line": 9,
            "column": 14
          },
          "end": {
            "line": 9,
            "column": 15
          }
        },
        "loc": {
          "start": {
            "line": 9,
            "column": 20
          },
          "end": {
            "line": 16,
            "column": 5
          }
        },
        "line": 9
      },
      "2": {
        "name": "(anonymous_2)",
        "decl": {
          "start": {
            "line": 18,
            "column": 18
          },
          "end": {
            "line": 18,
            "column": 19
          }
        },
        "loc": {
          "start": {
            "line": 18,
            "column": 36
          },
          "end": {
            "line": 23,
            "column": 5
          }
        },
        "line": 18
      },
      "3": {
        "name": "(anonymous_3)",
        "decl": {
          "start": {
            "line": 25,
            "column": 19
          },
          "end": {
            "line": 25,
            "column": 20
          }
        },
        "loc": {
          "start": {
            "line": 25,
            "column": 25
          },
          "end": {
            "line": 30,
            "column": 5
          }
        },
        "line": 25
      },
      "4": {
        "name": "(anonymous_4)",
        "decl": {
          "start": {
            "line": 48,
            "column": 23
          },
          "end": {
            "line": 48,
            "column": 24
          }
        },
        "loc": {
          "start": {
            "line": 48,
            "column": 29
          },
          "end": {
            "line": 50,
            "column": 1
          }
        },
        "line": 48
      }
    },
    "branchMap": {
      "0": {
        "loc": {
          "start": {
            "line": 12,
            "column": 8
          },
          "end": {
            "line": 15,
            "column": 9
          }
        },
        "type": "if",
        "locations": [
          {
            "start": {
              "line": 12,
              "column": 8
            },
            "end": {
              "line": 15,
              "column": 9
            }
          },
          {
            "start": {},
            "end": {}
          }
        ],
        "line": 12
      },
      "1": {
        "loc": {
          "start": {
            "line": 12,
            "column": 12
          },
          "end": {
            "line": 12,
            "column": 26
          }
        },
        "type": "binary-expr",
        "locations": [
          {
            "start": {
              "line": 12,
              "column": 12
            },
            "end": {
              "line": 12,
              "column": 17
            }
          },
          {
            "start": {
              "line": 12,
              "column": 21
            },
            "end": {
              "line": 12,
              "column": 26
            }
          }
        ],
        "line": 12
      }
    },
    "s": {
      "0": 2,
      "1": 2,
      "2": 0,
      "3": 0,
      "4": 0,
      "5": 0,
      "6": 0,
      "7": 0,
      "8": 0,
      "9": 0,
      "10": 0,
      "11": 0,
      "12": 0,
      "13": 0,
      "14": 0,
      "15": 0,
      "16": 0,
      "17": 0,
      "18": 0,
      "19": 0,
      "20": 0,
      "21": 0,
      "22": 2,
      "23": 2
    },
    "f": {
      "0": 0,
      "1": 0,
      "2": 0,
      "3": 0,
      "4": 2
    },
    "b": {
      "0": [
        0,
        0
      ],
      "1": [
        0,
        0
      ]
    },
    "_coverageSchema": "1a1c01bbd47fc00a2c39e90264f33305004495a9",
    "hash": "147e767d7707dd934aff2d86d584d606b8bd8ddf"
  },
  "D:\\projects\\Site_Receptnic\\src\\components\\authForm\\authForm.js": {
    "path": "D:\\projects\\Site_Receptnic\\src\\components\\authForm\\authForm.js",
    "statementMap": {
      "0": {
        "start": {
          "line": 7,
          "column": 17
        },
        "end": {
          "line": 103,
          "column": 1
        }
      },
      "1": {
        "start": {
          "line": 8,
          "column": 40
        },
        "end": {
          "line": 8,
          "column": 52
        }
      },
      "2": {
        "start": {
          "line": 9,
          "column": 36
        },
        "end": {
          "line": 9,
          "column": 48
        }
      },
      "3": {
        "start": {
          "line": 10,
          "column": 30
        },
        "end": {
          "line": 10,
          "column": 44
        }
      },
      "4": {
        "start": {
          "line": 11,
          "column": 38
        },
        "end": {
          "line": 11,
          "column": 53
        }
      },
      "5": {
        "start": {
          "line": 13,
          "column": 22
        },
        "end": {
          "line": 13,
          "column": 31
        }
      },
      "6": {
        "start": {
          "line": 14,
          "column": 20
        },
        "end": {
          "line": 14,
          "column": 32
        }
      },
      "7": {
        "start": {
          "line": 16,
          "column": 25
        },
        "end": {
          "line": 43,
          "column": 5
        }
      },
      "8": {
        "start": {
          "line": 17,
          "column": 8
        },
        "end": {
          "line": 17,
          "column": 27
        }
      },
      "9": {
        "start": {
          "line": 18,
          "column": 8
        },
        "end": {
          "line": 18,
          "column": 23
        }
      },
      "10": {
        "start": {
          "line": 19,
          "column": 8
        },
        "end": {
          "line": 19,
          "column": 27
        }
      },
      "11": {
        "start": {
          "line": 21,
          "column": 24
        },
        "end": {
          "line": 21,
          "column": 55
        }
      },
      "12": {
        "start": {
          "line": 23,
          "column": 20
        },
        "end": {
          "line": 23,
          "column": 86
        }
      },
      "13": {
        "start": {
          "line": 25,
          "column": 8
        },
        "end": {
          "line": 42,
          "column": 9
        }
      },
      "14": {
        "start": {
          "line": 26,
          "column": 29
        },
        "end": {
          "line": 26,
          "column": 59
        }
      },
      "15": {
        "start": {
          "line": 28,
          "column": 36
        },
        "end": {
          "line": 28,
          "column": 49
        }
      },
      "16": {
        "start": {
          "line": 31,
          "column": 12
        },
        "end": {
          "line": 31,
          "column": 37
        }
      },
      "17": {
        "start": {
          "line": 34,
          "column": 12
        },
        "end": {
          "line": 34,
          "column": 30
        }
      },
      "18": {
        "start": {
          "line": 37,
          "column": 33
        },
        "end": {
          "line": 37,
          "column": 109
        }
      },
      "19": {
        "start": {
          "line": 38,
          "column": 12
        },
        "end": {
          "line": 38,
          "column": 35
        }
      },
      "20": {
        "start": {
          "line": 39,
          "column": 12
        },
        "end": {
          "line": 39,
          "column": 45
        }
      },
      "21": {
        "start": {
          "line": 41,
          "column": 12
        },
        "end": {
          "line": 41,
          "column": 32
        }
      },
      "22": {
        "start": {
          "line": 45,
          "column": 23
        },
        "end": {
          "line": 49,
          "column": 5
        }
      },
      "23": {
        "start": {
          "line": 46,
          "column": 8
        },
        "end": {
          "line": 46,
          "column": 27
        }
      },
      "24": {
        "start": {
          "line": 47,
          "column": 8
        },
        "end": {
          "line": 47,
          "column": 38
        }
      },
      "25": {
        "start": {
          "line": 47,
          "column": 31
        },
        "end": {
          "line": 47,
          "column": 36
        }
      },
      "26": {
        "start": {
          "line": 48,
          "column": 8
        },
        "end": {
          "line": 48,
          "column": 23
        }
      },
      "27": {
        "start": {
          "line": 51,
          "column": 4
        },
        "end": {
          "line": 102,
          "column": 6
        }
      },
      "28": {
        "start": {
          "line": 65,
          "column": 37
        },
        "end": {
          "line": 65,
          "column": 66
        }
      },
      "29": {
        "start": {
          "line": 73,
          "column": 37
        },
        "end": {
          "line": 73,
          "column": 64
        }
      }
    },
    "fnMap": {
      "0": {
        "name": "(anonymous_0)",
        "decl": {
          "start": {
            "line": 7,
            "column": 17
          },
          "end": {
            "line": 7,
            "column": 18
          }
        },
        "loc": {
          "start": {
            "line": 7,
            "column": 54
          },
          "end": {
            "line": 103,
            "column": 1
          }
        },
        "line": 7
      },
      "1": {
        "name": "(anonymous_1)",
        "decl": {
          "start": {
            "line": 16,
            "column": 25
          },
          "end": {
            "line": 16,
            "column": 26
          }
        },
        "loc": {
          "start": {
            "line": 16,
            "column": 38
          },
          "end": {
            "line": 43,
            "column": 5
          }
        },
        "line": 16
      },
      "2": {
        "name": "(anonymous_2)",
        "decl": {
          "start": {
            "line": 45,
            "column": 23
          },
          "end": {
            "line": 45,
            "column": 24
          }
        },
        "loc": {
          "start": {
            "line": 45,
            "column": 30
          },
          "end": {
            "line": 49,
            "column": 5
          }
        },
        "line": 45
      },
      "3": {
        "name": "(anonymous_3)",
        "decl": {
          "start": {
            "line": 47,
            "column": 23
          },
          "end": {
            "line": 47,
            "column": 24
          }
        },
        "loc": {
          "start": {
            "line": 47,
            "column": 31
          },
          "end": {
            "line": 47,
            "column": 36
          }
        },
        "line": 47
      },
      "4": {
        "name": "(anonymous_4)",
        "decl": {
          "start": {
            "line": 65,
            "column": 30
          },
          "end": {
            "line": 65,
            "column": 31
          }
        },
        "loc": {
          "start": {
            "line": 65,
            "column": 37
          },
          "end": {
            "line": 65,
            "column": 66
          }
        },
        "line": 65
      },
      "5": {
        "name": "(anonymous_5)",
        "decl": {
          "start": {
            "line": 73,
            "column": 30
          },
          "end": {
            "line": 73,
            "column": 31
          }
        },
        "loc": {
          "start": {
            "line": 73,
            "column": 37
          },
          "end": {
            "line": 73,
            "column": 64
          }
        },
        "line": 73
      }
    },
    "branchMap": {
      "0": {
        "loc": {
          "start": {
            "line": 23,
            "column": 50
          },
          "end": {
            "line": 23,
            "column": 84
          }
        },
        "type": "cond-expr",
        "locations": [
          {
            "start": {
              "line": 23,
              "column": 64
            },
            "end": {
              "line": 23,
              "column": 71
            }
          },
          {
            "start": {
              "line": 23,
              "column": 74
            },
            "end": {
              "line": 23,
              "column": 84
            }
          }
        ],
        "line": 23
      },
      "1": {
        "loc": {
          "start": {
            "line": 37,
            "column": 33
          },
          "end": {
            "line": 37,
            "column": 109
          }
        },
        "type": "binary-expr",
        "locations": [
          {
            "start": {
              "line": 37,
              "column": 33
            },
            "end": {
              "line": 37,
              "column": 56
            }
          },
          {
            "start": {
              "line": 37,
              "column": 60
            },
            "end": {
              "line": 37,
              "column": 109
            }
          }
        ],
        "line": 37
      },
      "2": {
        "loc": {
          "start": {
            "line": 37,
            "column": 71
          },
          "end": {
            "line": 37,
            "column": 107
          }
        },
        "type": "cond-expr",
        "locations": [
          {
            "start": {
              "line": 37,
              "column": 85
            },
            "end": {
              "line": 37,
              "column": 92
            }
          },
          {
            "start": {
              "line": 37,
              "column": 95
            },
            "end": {
              "line": 37,
              "column": 107
            }
          }
        ],
        "line": 37
      },
      "3": {
        "loc": {
          "start": {
            "line": 54,
            "column": 20
          },
          "end": {
            "line": 54,
            "column": 62
          }
        },
        "type": "cond-expr",
        "locations": [
          {
            "start": {
              "line": 54,
              "column": 34
            },
            "end": {
              "line": 54,
              "column": 42
            }
          },
          {
            "start": {
              "line": 54,
              "column": 45
            },
            "end": {
              "line": 54,
              "column": 62
            }
          }
        ],
        "line": 54
      },
      "4": {
        "loc": {
          "start": {
            "line": 56,
            "column": 13
          },
          "end": {
            "line": 56,
            "column": 69
          }
        },
        "type": "binary-expr",
        "locations": [
          {
            "start": {
              "line": 56,
              "column": 13
            },
            "end": {
              "line": 56,
              "column": 18
            }
          },
          {
            "start": {
              "line": 56,
              "column": 22
            },
            "end": {
              "line": 56,
              "column": 69
            }
          }
        ],
        "line": 56
      },
      "5": {
        "loc": {
          "start": {
            "line": 87,
            "column": 17
          },
          "end": {
            "line": 87,
            "column": 93
          }
        },
        "type": "cond-expr",
        "locations": [
          {
            "start": {
              "line": 87,
              "column": 29
            },
            "end": {
              "line": 87,
              "column": 46
            }
          },
          {
            "start": {
              "line": 87,
              "column": 50
            },
            "end": {
              "line": 87,
              "column": 92
            }
          }
        ],
        "line": 87
      },
      "6": {
        "loc": {
          "start": {
            "line": 87,
            "column": 50
          },
          "end": {
            "line": 87,
            "column": 92
          }
        },
        "type": "cond-expr",
        "locations": [
          {
            "start": {
              "line": 87,
              "column": 64
            },
            "end": {
              "line": 87,
              "column": 72
            }
          },
          {
            "start": {
              "line": 87,
              "column": 75
            },
            "end": {
              "line": 87,
              "column": 92
            }
          }
        ],
        "line": 87
      },
      "7": {
        "loc": {
          "start": {
            "line": 91,
            "column": 17
          },
          "end": {
            "line": 99,
            "column": 17
          }
        },
        "type": "cond-expr",
        "locations": [
          {
            "start": {
              "line": 92,
              "column": 20
            },
            "end": {
              "line": 94,
              "column": 24
            }
          },
          {
            "start": {
              "line": 96,
              "column": 20
            },
            "end": {
              "line": 98,
              "column": 24
            }
          }
        ],
        "line": 91
      }
    },
    "s": {
      "0": 2,
      "1": 2,
      "2": 2,
      "3": 2,
      "4": 2,
      "5": 2,
      "6": 2,
      "7": 2,
      "8": 0,
      "9": 0,
      "10": 0,
      "11": 0,
      "12": 0,
      "13": 0,
      "14": 0,
      "15": 0,
      "16": 0,
      "17": 0,
      "18": 0,
      "19": 0,
      "20": 0,
      "21": 0,
      "22": 2,
      "23": 0,
      "24": 0,
      "25": 0,
      "26": 0,
      "27": 2,
      "28": 0,
      "29": 0
    },
    "f": {
      "0": 2,
      "1": 0,
      "2": 0,
      "3": 0,
      "4": 0,
      "5": 0
    },
    "b": {
      "0": [
        0,
        0
      ],
      "1": [
        0,
        0
      ],
      "2": [
        0,
        0
      ],
      "3": [
        2,
        0
      ],
      "4": [
        2,
        0
      ],
      "5": [
        0,
        2
      ],
      "6": [
        2,
        0
      ],
      "7": [
        2,
        0
      ]
    },
    "_coverageSchema": "1a1c01bbd47fc00a2c39e90264f33305004495a9",
    "hash": "2605c9bb670030e926602d0e5ea4b36eea628524"
  }
}