{"D:\\projects\\Site_Receptnic\\cypress\\support\\commands.js": {"path":"D:\\projects\\Site_Receptnic\\cypress\\support\\commands.js","statementMap":{"0":{"start":{"line":1,"column":0},"end":{"line":15,"column":3}},"1":{"start":{"line":2,"column":4},"end":{"line":2,"column":40}},"2":{"start":{"line":4,"column":4},"end":{"line":14,"column":7}},"3":{"start":{"line":12,"column":8},"end":{"line":12,"column":62}},"4":{"start":{"line":13,"column":8},"end":{"line":13,"column":71}}},"fnMap":{"0":{"name":"(anonymous_0)","decl":{"start":{"line":1,"column":30},"end":{"line":1,"column":31}},"loc":{"start":{"line":1,"column":54},"end":{"line":15,"column":1}},"line":1},"1":{"name":"(anonymous_1)","decl":{"start":{"line":11,"column":12},"end":{"line":11,"column":13}},"loc":{"start":{"line":11,"column":22},"end":{"line":14,"column":5}},"line":11}},"branchMap":{},"s":{"0":3,"1":0,"2":0,"3":0,"4":0},"f":{"0":0,"1":0},"b":{},"_coverageSchema":"1a1c01bbd47fc00a2c39e90264f33305004495a9","hash":"dee5fe901c878d7f7cee1bf528043191fd123558"}
,"D:\\projects\\Site_Receptnic\\cypress\\support\\component.js": {"path":"D:\\projects\\Site_Receptnic\\cypress\\support\\component.js","statementMap":{"0":{"start":{"line":12,"column":0},"end":{"line":12,"column":36}}},"fnMap":{},"branchMap":{},"s":{"0":3},"f":{},"b":{},"_coverageSchema":"1a1c01bbd47fc00a2c39e90264f33305004495a9","hash":"81d390f1d18b30eaa47a5ad7bf0226871cb4ac41"}
,"D:\\projects\\Site_Receptnic\\src\\components\\searchInput\\search.js": {"path":"D:\\projects\\Site_Receptnic\\src\\components\\searchInput\\search.js","statementMap":{"0":{"start":{"line":4,"column":15},"end":{"line":25,"column":1}},"1":{"start":{"line":6,"column":25},"end":{"line":8,"column":5}},"2":{"start":{"line":7,"column":8},"end":{"line":7,"column":27}},"3":{"start":{"line":10,"column":4},"end":{"line":24,"column":5}}},"fnMap":{"0":{"name":"(anonymous_0)","decl":{"start":{"line":4,"column":15},"end":{"line":4,"column":16}},"loc":{"start":{"line":4,"column":40},"end":{"line":25,"column":1}},"line":4},"1":{"name":"(anonymous_1)","decl":{"start":{"line":6,"column":25},"end":{"line":6,"column":26}},"loc":{"start":{"line":6,"column":32},"end":{"line":8,"column":5}},"line":6}},"branchMap":{},"s":{"0":3,"1":5,"2":2,"3":5},"f":{"0":5,"1":2},"b":{},"_coverageSchema":"1a1c01bbd47fc00a2c39e90264f33305004495a9","hash":"83f85a5ace4b51982eb2fcbfd58fe5d228c66529"}
}
